<?xml version="1.0" encoding="UTF-8"?>
<!-- Generated by org.testng.reporters.JUnitReportReporter -->
<testsuite hostname="DESKTOP-OK6JB3O" failures="0" tests="2" name="Tests.VerifyForgetPassword" time="21.086" errors="0" timestamp="2023-09-29T02:41:11 GMT-07:00" skipped="0">
  <testcase classname="Tests.VerifyForgetPassword" name="ClickForgetPass" time="12.307"/>
  <testcase classname="Tests.VerifyForgetPassword" name="ClickForgetPass" time="8.779"/>
</testsuite> <!-- Tests.VerifyForgetPassword -->
