<?xml version="1.0" encoding="UTF-8"?>
<!-- Generated by org.testng.reporters.JUnitReportReporter -->
<testsuite hostname="DESKTOP-OK6JB3O" failures="0" tests="1" name="Tests.TstNg" time="0.034" errors="0" timestamp="2023-09-14T01:08:49 GMT-07:00" skipped="0">
  <testcase classname="Tests.TstNg" name="test" time="0.034"/>
</testsuite> <!-- Tests.TstNg -->
