<?xml version="1.0" encoding="UTF-8"?>
<!-- Generated by org.testng.reporters.JUnitReportReporter -->
<testsuite hostname="DESKTOP-OK6JB3O" failures="0" tests="1" name="Tests.TestNGClass2" time="8.770" errors="0" timestamp="2023-09-20T11:19:51 GMT-07:00" skipped="0">
  <testcase classname="Tests.TestNGClass2" name="SignUpPage" time="8.770"/>
</testsuite> <!-- Tests.TestNGClass2 -->
